Build started 9/19/2015 8:52:18 PM.
     1>Project "D:\GitHub\senna\senna.vcxproj" on node 2 (Build target(s)).
     1>ClCompile:
         C:\Program Files (x86)\Microsoft Visual Studio 12.0\VC\bin\CL.exe /c /Zi /nologo /W3 /WX- /Od /Oy- /D WIN32 /D _DEBUG /D _CONSOLE /Gm /EHsc /RTC1 /MDd /GS /fp:precise /Zc:wchar_t /Zc:forScope /Fo"Debug\\" /Fd"Debug\vc120.pdb" /Gd /TC /analyze- /errorReport:prompt SENNA_main.c
         SENNA_main.c
       Link:
         C:\Program Files (x86)\Microsoft Visual Studio 12.0\VC\bin\link.exe /ERRORREPORT:PROMPT /OUT:"D:\GitHub\senna\Debug\senna.exe" /INCREMENTAL /NOLOGO kernel32.lib user32.lib gdi32.lib winspool.lib comdlg32.lib advapi32.lib shell32.lib ole32.lib oleaut32.lib uuid.lib odbc32.lib odbccp32.lib /MANIFEST /MANIFESTUAC:"level='asInvoker' uiAccess='false'" /manifest:embed /DEBUG /PDB:"D:\GitHub\senna\Debug\senna.pdb" /SUBSYSTEM:CONSOLE /TLBID:1 /DYNAMICBASE /NXCOMPAT /IMPLIB:"D:\GitHub\senna\Debug\senna.lib" /MACHINE:X86 Debug\SENNA_CHK.obj
         Debug\SENNA_Hash.obj
         Debug\SENNA_main.obj
         Debug\SENNA_NER.obj
         Debug\SENNA_nn.obj
         Debug\SENNA_POS.obj
         Debug\SENNA_PSG.obj
         Debug\SENNA_PT0.obj
         Debug\SENNA_Scores2Treillis.obj
         Debug\SENNA_SRL.obj
         Debug\SENNA_Tokenizer.obj
         Debug\SENNA_Treillis.obj
         Debug\SENNA_utils.obj
         Debug\SENNA_VBS.obj
         senna.vcxproj -> D:\GitHub\senna\Debug\senna.exe
     1>Done Building Project "D:\GitHub\senna\senna.vcxproj" (Build target(s)).

Build succeeded.

Time Elapsed 00:00:00.29
